[debug] [2021-03-14T14:18:15.135Z] ----------------------------------------------------------------------
[debug] [2021-03-14T14:18:15.140Z] Command:       C:\Program Files\nodejs\node.exe C:\Users\Aya\AppData\Roaming\npm\node_modules\firebase-tools\lib\bin\firebase.js emulators:start
[debug] [2021-03-14T14:18:15.141Z] CLI Version:   9.4.0
[debug] [2021-03-14T14:18:15.141Z] Platform:      win32
[debug] [2021-03-14T14:18:15.141Z] Node Version:  v14.16.0
[debug] [2021-03-14T14:18:15.143Z] Time:          Sun Mar 14 2021 16:18:15 GMT+0200 (Eastern European Standard Time)
[debug] [2021-03-14T14:18:15.143Z] ----------------------------------------------------------------------
[debug] [2021-03-14T14:18:15.144Z] 
[debug] [2021-03-14T14:18:15.158Z] > command requires scopes: ["email","openid","https://www.googleapis.com/auth/cloudplatformprojects.readonly","https://www.googleapis.com/auth/firebase","https://www.googleapis.com/auth/cloud-platform"]
[debug] [2021-03-14T14:18:15.159Z] > authorizing via signed-in user
[info] i  emulators: Starting emulators: functions, hosting {"metadata":{"emulator":{"name":"hub"},"message":"Starting emulators: functions, hosting"}}
[debug] [2021-03-14T14:18:16.216Z] [hub] writing locator at C:\Users\Aya\AppData\Local\Temp\hub-clone-b8fb0.json
[warn] !  functions: The following emulators are not running, calls to these services from the Functions emulator will affect production: auth, firestore, database, pubsub {"metadata":{"emulator":{"name":"functions"},"message":"The following emulators are not running, calls to these services from the Functions emulator will affect production: \u001b[1mauth, firestore, database, pubsub\u001b[22m"}}
[warn] !  Your requested "node" version "12" doesn't match your global version "14" {"metadata":{"emulator":{"name":"functions"},"message":"Your requested \"node\" version \"12\" doesn't match your global version \"14\""}}
[debug] [2021-03-14T14:18:17.292Z] defaultcredentials: writing to file C:\Users\Aya\AppData\Roaming\firebase\ahmedmohamed_kotb3_gmail.com_application_default_credentials.json
[debug] [2021-03-14T14:18:17.298Z] Setting GAC to C:\Users\Aya\AppData\Roaming\firebase\ahmedmohamed_kotb3_gmail.com_application_default_credentials.json {"metadata":{"emulator":{"name":"functions"},"message":"Setting GAC to C:\\Users\\Aya\\AppData\\Roaming\\firebase\\ahmedmohamed_kotb3_gmail.com_application_default_credentials.json"}}
[debug] [2021-03-14T14:18:17.307Z] >>> [apiv2][query] GET https://firebase.googleapis.com/v1beta1/projects/clone-b8fb0/adminSdkConfig [none]
[debug] [2021-03-14T14:18:17.961Z] <<< [apiv2][status] GET https://firebase.googleapis.com/v1beta1/projects/clone-b8fb0/adminSdkConfig 200
[debug] [2021-03-14T14:18:17.961Z] <<< [apiv2][body] GET https://firebase.googleapis.com/v1beta1/projects/clone-b8fb0/adminSdkConfig {"projectId":"clone-b8fb0","storageBucket":"clone-b8fb0.appspot.com","locationId":"us-central"}
[debug] [2021-03-14T14:18:18.991Z] >>> [apiv2][query] GET https://firebase.googleapis.com/v1beta1/projects/clone-b8fb0/webApps/-/config [none]
[debug] [2021-03-14T14:18:20.251Z] <<< [apiv2][status] GET https://firebase.googleapis.com/v1beta1/projects/clone-b8fb0/webApps/-/config 200
[debug] [2021-03-14T14:18:20.252Z] <<< [apiv2][body] GET https://firebase.googleapis.com/v1beta1/projects/clone-b8fb0/webApps/-/config {"projectId":"clone-b8fb0","appId":"1:102385501724:web:afcdcf65b70379770681d9","storageBucket":"clone-b8fb0.appspot.com","locationId":"us-central","apiKey":"AIzaSyAqYEjWD26T7sVmnCPwyONT-QGhBuicTSI","authDomain":"clone-b8fb0.firebaseapp.com","messagingSenderId":"102385501724","measurementId":"G-S3G8G82L5F"}
[info] i  hosting: Serving hosting files from: build {"metadata":{"emulator":{"name":"hosting"},"message":"Serving hosting files from: \u001b[1mbuild\u001b[22m"}}
[info] +  hosting: Local server: http://localhost:5000 {"metadata":{"emulator":{"name":"hosting"},"message":"Local server: \u001b[4m\u001b[1mhttp://localhost:5000\u001b[22m\u001b[24m"}}
[debug] [2021-03-14T14:18:22.327Z] Ignoring unsupported arg: auto_download {"metadata":{"emulator":{"name":"ui"},"message":"Ignoring unsupported arg: auto_download"}}
[debug] [2021-03-14T14:18:22.327Z] Ignoring unsupported arg: port {"metadata":{"emulator":{"name":"ui"},"message":"Ignoring unsupported arg: port"}}
[debug] [2021-03-14T14:18:22.328Z] Starting Emulator UI with command {"binary":"node","args":["C:\\Users\\Aya\\.cache\\firebase\\emulators\\ui-v1.4.1\\server.bundle.js"],"optionalArgs":[],"joinArgs":false} {"metadata":{"emulator":{"name":"ui"},"message":"Starting Emulator UI with command {\"binary\":\"node\",\"args\":[\"C:\\\\Users\\\\Aya\\\\.cache\\\\firebase\\\\emulators\\\\ui-v1.4.1\\\\server.bundle.js\"],\"optionalArgs\":[],\"joinArgs\":false}"}}
[info] i  ui: Emulator UI logging to ui-debug.log {"metadata":{"emulator":{"name":"ui"},"message":"Emulator UI logging to \u001b[1mui-debug.log\u001b[22m"}}
[debug] [2021-03-14T14:18:22.562Z] Web / API server started at http://localhost:4000
 {"metadata":{"emulator":{"name":"ui"},"message":"Web / API server started at http://localhost:4000\n"}}
[info] i  functions: Watching "F:\ahmed\roro\amazon-clone\functions" for Cloud Functions... {"metadata":{"emulator":{"name":"functions"},"message":"Watching \"F:\\ahmed\\roro\\amazon-clone\\functions\" for Cloud Functions..."}}
[debug] [2021-03-14T14:18:22.893Z] [worker-pool] addWorker(~diagnostic~) {"metadata":{"emulator":{"name":"functions"},"message":"[worker-pool] addWorker(~diagnostic~)"}}
[debug] [2021-03-14T14:18:22.893Z] [worker-pool] Adding worker with key ~diagnostic~, total=1 {"metadata":{"emulator":{"name":"functions"},"message":"[worker-pool] Adding worker with key ~diagnostic~, total=1"}}
[debug] [2021-03-14T14:18:22.894Z] [worker-pool] submitWork(triggerId=) {"metadata":{"emulator":{"name":"functions"},"message":"[worker-pool] submitWork(triggerId=)"}}
[debug] [2021-03-14T14:18:22.894Z] [worker-~diagnostic~-099018af-e068-408c-8e60-da96734d2a52]: Assigning socketPath: \\?\pipe\F:\ahmed\roro\amazon-clone\functions\11292 {"metadata":{"emulator":{"name":"functions"},"message":"[worker-~diagnostic~-099018af-e068-408c-8e60-da96734d2a52]: Assigning socketPath: \\\\?\\pipe\\F:\\ahmed\\roro\\amazon-clone\\functions\\11292"}}
[debug] [2021-03-14T14:18:22.895Z] [worker-~diagnostic~-099018af-e068-408c-8e60-da96734d2a52]: BUSY {"metadata":{"emulator":{"name":"functions"},"message":"[worker-~diagnostic~-099018af-e068-408c-8e60-da96734d2a52]: BUSY"}}
